`usr/ietd' -> `/usr/sbin/ietd'
`usr/ietadm' -> `/usr/sbin/ietadm'
`etc/initd/initd.debian' -> `/etc/init.d/iscsi-target'
install: creating directory `/etc/iet'
`etc/ietd.conf' -> `/etc/iet/ietd.conf'
`etc/initiators.allow' -> `/etc/iet/initiators.allow'
`etc/targets.allow' -> `/etc/iet/targets.allow'
`doc/manpages/ietadm.8' -> `/usr/share/man/man8/ietadm.8'
`doc/manpages/ietd.8' -> `/usr/share/man/man8/ietd.8'
`doc/manpages/ietd.conf.5' -> `/usr/share/man/man5/ietd.conf.5'
install: creating directory `/usr/share/doc/iscsitarget'
`ChangeLog' -> `/usr/share/doc/iscsitarget/ChangeLog'
`COPYING' -> `/usr/share/doc/iscsitarget/COPYING'
`RELEASE_NOTES' -> `/usr/share/doc/iscsitarget/RELEASE_NOTES'
`README' -> `/usr/share/doc/iscsitarget/README'
`README.vmware' -> `/usr/share/doc/iscsitarget/README.vmware'
`README.initiators' -> `/usr/share/doc/iscsitarget/README.initiators'
install: creating directory `/lib/modules/3.5.0-43-generic/extra'
install: creating directory `/lib/modules/3.5.0-43-generic/extra/iscsi'
`kernel/iscsi_trgt.ko' -> `/lib/modules/3.5.0-43-generic/extra/iscsi/iscsi_trgt.ko'
